<?xml version="1.0" encoding="UTF-8"?>
<!-- Generated by org.testng.reporters.JUnitReportReporter -->
<testsuite skipped="0" hostname="ASDP1757PO02529" name="Testcase.TestCase" tests="2" failures="0" timestamp="2020-01-06T16:31:43 IST" time="31.573" errors="0">
  <testcase name="verifyLoginPage" time="11.982" classname="Testcase.TestCase"/>
  <system-out/>
  <testcase name="runTestLogin" time="19.591" classname="Testcase.TestCase"/>
  <system-out/>
</testsuite> <!-- Testcase.TestCase -->
